TN:
SF:src/modules/auth/services/auth.service.ts
FN:11,(anonymous_2)
FN:13,(anonymous_3)
FN:17,(anonymous_4)
FN:36,(anonymous_5)
FN:54,(anonymous_6)
FN:59,(anonymous_7)
FN:64,(anonymous_8)
FN:75,(anonymous_9)
FNF:8
FNH:8
FNDA:11,(anonymous_2)
FNDA:5,(anonymous_3)
FNDA:2,(anonymous_4)
FNDA:1,(anonymous_5)
FNDA:1,(anonymous_6)
FNDA:1,(anonymous_7)
FNDA:2,(anonymous_8)
FNDA:2,(anonymous_9)
DA:1,3
DA:4,3
DA:6,3
DA:10,3
DA:11,11
DA:14,5
DA:18,2
DA:23,2
DA:24,1
DA:27,1
DA:37,1
DA:41,1
DA:42,0
DA:45,1
DA:55,1
DA:56,1
DA:59,1
DA:61,1
DA:65,2
DA:66,2
DA:68,2
DA:69,2
DA:70,1
DA:72,1
DA:76,2
DA:77,2
DA:78,1
DA:80,1
LF:28
LH:27
BRDA:23,0,0,1
BRDA:23,1,0,2
BRDA:23,1,1,1
BRDA:41,2,0,0
BRDA:41,3,0,1
BRDA:41,3,1,1
BRDA:55,4,0,1
BRDA:65,5,0,2
BRDA:65,5,1,0
BRDA:65,6,0,2
BRDA:65,6,1,1
BRDA:69,7,0,1
BRDA:77,8,0,1
BRF:13
BRH:11
end_of_record
TN:
SF:src/modules/centurions/services/centurion-test.service.ts
FN:9,(anonymous_2)
FN:11,(anonymous_3)
FN:18,(anonymous_4)
FN:34,(anonymous_5)
FNF:4
FNH:2
FNDA:6,(anonymous_2)
FNDA:3,(anonymous_3)
FNDA:0,(anonymous_4)
FNDA:0,(anonymous_5)
DA:1,3
DA:3,3
DA:5,3
DA:8,3
DA:9,6
DA:12,3
DA:14,3
DA:15,3
DA:17,3
DA:18,3
DA:20,3
DA:21,3
DA:33,2
DA:34,1
DA:35,1
DA:38,1
DA:45,1
DA:52,2
DA:53,1
DA:55,1
DA:57,3
LF:21
LH:21
BRDA:14,0,0,3
BRDA:14,0,1,2
BRDA:25,1,0,1
BRDA:25,1,1,2
BRDA:26,2,0,1
BRDA:26,2,1,2
BRDA:33,3,0,1
BRDA:48,4,0,1
BRDA:48,4,1,0
BRDA:49,5,0,1
BRDA:49,5,1,0
BRDA:52,6,0,1
BRDA:52,7,0,2
BRDA:52,7,1,2
BRDA:55,8,0,1
BRDA:55,8,1,0
BRF:16
BRH:13
end_of_record
TN:
SF:src/modules/centurions/services/centurions.service.ts
FN:11,(anonymous_2)
FN:13,(anonymous_3)
FN:17,(anonymous_4)
FN:28,(anonymous_5)
FN:41,(anonymous_6)
FN:69,(anonymous_7)
FN:106,(anonymous_8)
FNF:7
FNH:7
FNDA:9,(anonymous_2)
FNDA:6,(anonymous_3)
FNDA:1,(anonymous_4)
FNDA:1,(anonymous_5)
FNDA:1,(anonymous_6)
FNDA:2,(anonymous_7)
FNDA:1,(anonymous_8)
DA:1,4
DA:3,4
DA:5,4
DA:10,4
DA:11,9
DA:14,6
DA:18,1
DA:24,1
DA:25,1
DA:29,1
DA:36,1
DA:37,1
DA:38,0
DA:42,1
DA:65,1
DA:66,1
DA:70,2
DA:71,2
DA:72,2
DA:73,2
DA:74,2
DA:75,2
DA:77,2
DA:89,20
DA:90,20
DA:93,2
DA:101,2
DA:102,2
DA:103,1
DA:107,1
DA:113,1
LF:31
LH:30
BRDA:24,0,0,0
BRDA:25,1,0,1
BRDA:25,1,1,0
BRDA:36,2,0,0
BRDA:37,3,0,1
BRDA:50,4,0,1
BRDA:50,4,1,1
BRDA:51,5,0,1
BRDA:51,5,1,1
BRDA:52,6,0,1
BRDA:52,6,1,1
BRDA:53,7,0,1
BRDA:53,7,1,1
BRDA:54,8,0,1
BRDA:54,8,1,1
BRDA:55,9,0,1
BRDA:55,9,1,1
BRDA:56,10,0,1
BRDA:56,10,1,1
BRDA:57,11,0,1
BRDA:57,11,1,1
BRDA:58,12,0,1
BRDA:58,12,1,1
BRDA:59,13,0,1
BRDA:59,13,1,1
BRDA:60,14,0,1
BRDA:60,14,1,1
BRDA:61,15,0,1
BRDA:61,15,1,1
BRDA:65,16,0,0
BRDA:71,17,0,2
BRDA:72,18,0,0
BRDA:73,19,0,0
BRDA:74,20,0,1
BRDA:74,21,0,1
BRDA:74,21,1,1
BRDA:75,22,0,0
BRDA:75,23,0,0
BRDA:75,23,1,0
BRDA:90,24,0,0
BRDA:101,25,0,0
BRDA:102,26,0,1
BRDA:113,27,0,1
BRF:43
BRH:32
end_of_record
TN:
SF:src/modules/companies/services/companies.service.ts
FN:12,slugify
FN:31,(anonymous_3)
FN:36,(anonymous_4)
FN:48,(anonymous_5)
FN:62,(anonymous_6)
FN:97,(anonymous_7)
FN:106,(anonymous_8)
FN:123,(anonymous_9)
FN:131,(anonymous_10)
FNF:9
FNH:8
FNDA:3,slugify
FNDA:9,(anonymous_3)
FNDA:1,(anonymous_4)
FNDA:1,(anonymous_5)
FNDA:3,(anonymous_6)
FNDA:1,(anonymous_7)
FNDA:1,(anonymous_8)
FNDA:0,(anonymous_9)
FNDA:3,(anonymous_10)
DA:1,3
DA:3,3
DA:9,3
DA:10,3
DA:13,3
DA:19,3
DA:24,3
DA:25,3
DA:26,3
DA:30,3
DA:32,9
DA:33,9
DA:37,1
DA:38,1
DA:40,1
DA:47,1
DA:49,1
DA:50,1
DA:54,1
DA:63,3
DA:64,0
DA:67,3
DA:68,3
DA:69,3
DA:70,1
DA:71,1
DA:72,1
DA:73,1
DA:74,0
DA:78,3
DA:86,3
DA:87,3
DA:88,3
DA:89,2
DA:90,2
DA:92,1
DA:93,1
DA:98,1
DA:99,1
DA:100,1
DA:102,0
DA:103,0
DA:107,1
DA:108,1
DA:109,1
DA:112,0
DA:119,0
DA:120,0
DA:124,0
DA:125,0
DA:126,0
DA:128,0
DA:141,3
LF:53
LH:42
BRDA:24,0,0,3
BRDA:24,0,1,0
BRDA:25,1,0,0
BRDA:25,1,1,3
BRDA:26,2,0,0
BRDA:26,2,1,3
BRDA:37,3,0,1
BRDA:37,3,1,0
BRDA:38,4,0,1
BRDA:38,4,1,0
BRDA:49,5,0,1
BRDA:49,5,1,0
BRDA:63,6,0,0
BRDA:69,7,0,1
BRDA:73,8,0,0
BRDA:82,9,0,3
BRDA:82,9,1,3
BRDA:99,10,0,1
BRDA:102,11,0,0
BRDA:102,11,1,0
BRDA:108,12,0,1
BRDA:119,13,0,0
BRDA:119,13,1,0
BRDA:125,14,0,0
BRDA:148,15,0,3
BRDA:148,15,1,0
BRF:26
BRH:12
end_of_record
TN:
SF:src/modules/companies/services/company-users.service.ts
FN:11,(anonymous_2)
FN:16,(anonymous_3)
FN:26,(anonymous_4)
FN:48,(anonymous_5)
FN:78,(anonymous_6)
FN:86,(anonymous_7)
FN:99,(anonymous_8)
FNF:7
FNH:6
FNDA:8,(anonymous_2)
FNDA:2,(anonymous_3)
FNDA:2,(anonymous_4)
FNDA:3,(anonymous_5)
FNDA:0,(anonymous_6)
FNDA:3,(anonymous_7)
FNDA:1,(anonymous_8)
DA:1,3
DA:3,3
DA:5,3
DA:7,3
DA:10,3
DA:12,8
DA:13,8
DA:17,2
DA:18,2
DA:19,1
DA:22,1
DA:23,1
DA:25,1
DA:27,2
DA:28,2
DA:29,1
DA:36,1
DA:45,1
DA:49,3
DA:50,3
DA:51,0
DA:54,3
DA:55,3
DA:57,2
DA:58,2
DA:60,2
DA:67,2
DA:68,2
DA:79,0
DA:80,0
DA:81,0
DA:83,0
DA:87,3
DA:90,3
DA:91,3
DA:93,3
DA:94,3
DA:95,3
DA:96,1
DA:99,2
DA:100,2
DA:102,1
DA:103,0
DA:106,1
DA:107,1
DA:108,0
DA:110,1
DA:111,0
DA:113,1
LF:49
LH:41
BRDA:18,0,0,1
BRDA:28,1,0,1
BRDA:40,2,0,1
BRDA:40,2,1,0
BRDA:50,3,0,0
BRDA:57,4,0,2
BRDA:57,4,1,1
BRDA:58,5,0,1
BRDA:58,5,1,1
BRDA:74,6,0,2
BRDA:74,6,1,0
BRDA:80,7,0,0
BRDA:95,8,0,1
BRDA:99,9,0,1
BRDA:99,9,1,0
BRDA:100,10,0,1
BRDA:102,11,0,1
BRDA:107,12,0,0
BRDA:110,13,0,0
BRF:19
BRH:12
end_of_record
TN:
SF:src/modules/companies/services/schema-provisioner.service.ts
FN:9,(anonymous_2)
FN:11,(anonymous_3)
FNF:2
FNH:2
FNDA:6,(anonymous_2)
FNDA:3,(anonymous_3)
DA:1,4
DA:3,4
DA:5,4
DA:8,4
DA:9,6
DA:12,3
DA:14,3
DA:16,3
DA:17,1
DA:20,2
DA:21,1
DA:24,1
LF:12
LH:12
BRDA:16,0,0,1
BRDA:20,1,0,1
BRF:2
BRH:2
end_of_record
TN:
SF:src/modules/contracts/services/contract-templates.service.ts
FN:15,safeFileName
FN:20,parseVariables
FN:31,inferFileType
FN:47,(anonymous_5)
FN:49,(anonymous_6)
FN:53,(anonymous_7)
FN:75,(anonymous_8)
FN:109,(anonymous_9)
FN:116,(anonymous_10)
FN:154,(anonymous_11)
FN:165,(anonymous_12)
FNF:11
FNH:9
FNDA:3,safeFileName
FNDA:4,parseVariables
FNDA:2,inferFileType
FNDA:12,(anonymous_5)
FNDA:13,(anonymous_6)
FNDA:1,(anonymous_7)
FNDA:3,(anonymous_8)
FNDA:0,(anonymous_9)
FNDA:3,(anonymous_10)
FNDA:2,(anonymous_11)
FNDA:0,(anonymous_12)
DA:1,3
DA:2,3
DA:4,3
DA:6,3
DA:16,3
DA:17,3
DA:21,4
DA:22,4
DA:23,4
DA:24,3
DA:25,3
DA:27,1
DA:32,2
DA:33,2
DA:34,1
DA:38,1
DA:39,0
DA:40,0
DA:44,3
DA:45,12
DA:47,12
DA:50,13
DA:54,1
DA:61,1
DA:63,1
DA:70,1
DA:72,1
DA:76,3
DA:78,2
DA:79,2
DA:80,2
DA:82,2
DA:86,2
DA:88,1
DA:89,1
DA:91,1
DA:108,1
DA:109,1
DA:110,1
DA:113,0
DA:117,3
DA:121,2
DA:122,1
DA:123,1
DA:125,1
DA:129,1
DA:130,1
DA:133,2
DA:149,2
DA:150,2
DA:151,1
DA:155,2
DA:162,2
DA:164,1
DA:165,1
DA:168,1
DA:174,1
LF:57
LH:54
BRDA:17,0,0,3
BRDA:17,0,1,0
BRDA:21,1,0,0
BRDA:24,2,0,0
BRDA:33,3,0,1
BRDA:33,4,0,2
BRDA:33,4,1,1
BRDA:34,5,0,1
BRDA:35,6,0,1
BRDA:35,6,1,0
BRDA:39,7,0,0
BRDA:39,8,0,0
BRDA:39,8,1,0
BRDA:40,9,0,0
BRDA:40,9,1,0
BRDA:61,10,0,0
BRDA:70,11,0,0
BRDA:72,12,0,1
BRDA:72,12,1,0
BRDA:72,13,0,1
BRDA:72,13,1,0
BRDA:76,14,0,1
BRDA:83,15,0,2
BRDA:83,15,1,0
BRDA:86,16,0,1
BRDA:98,17,0,1
BRDA:98,17,1,1
BRDA:100,18,0,1
BRDA:100,18,1,1
BRDA:108,19,0,1
BRDA:121,20,0,1
BRDA:126,21,0,1
BRDA:126,21,1,0
BRDA:129,22,0,0
BRDA:138,23,0,2
BRDA:138,23,1,2
BRDA:140,24,0,2
BRDA:140,24,1,2
BRDA:149,25,0,0
BRDA:150,26,0,1
BRDA:162,27,0,1
BRDA:164,28,0,1
BRDA:174,29,0,0
BRF:43
BRH:25
end_of_record
TN:
SF:src/modules/contracts/services/contracts.service.ts
FN:9,ensureSchemaName
FN:19,(anonymous_3)
FN:24,(anonymous_4)
FN:28,(anonymous_5)
FN:40,(anonymous_6)
FN:51,(anonymous_7)
FN:64,(anonymous_8)
FN:110,(anonymous_9)
FNF:8
FNH:7
FNDA:3,ensureSchemaName
FNDA:9,(anonymous_3)
FNDA:12,(anonymous_4)
FNDA:3,(anonymous_5)
FNDA:0,(anonymous_6)
FNDA:3,(anonymous_7)
FNDA:3,(anonymous_8)
FNDA:3,(anonymous_9)
DA:1,3
DA:3,3
DA:5,3
DA:6,3
DA:10,3
DA:11,3
DA:12,3
DA:16,3
DA:17,9
DA:20,9
DA:21,9
DA:25,12
DA:29,3
DA:36,3
DA:37,3
DA:41,0
DA:47,0
DA:48,0
DA:52,3
DA:59,3
DA:60,3
DA:61,3
DA:65,3
DA:67,3
DA:74,3
DA:75,3
DA:77,2
DA:85,2
DA:87,2
DA:88,2
DA:89,1
DA:92,1
DA:111,3
DA:112,3
DA:113,3
DA:115,3
DA:116,1
DA:117,1
DA:118,1
DA:119,1
DA:122,2
DA:123,1
DA:126,1
LF:43
LH:40
BRDA:10,0,0,0
BRDA:10,1,0,3
BRDA:10,1,1,3
BRDA:11,2,0,0
BRDA:36,3,0,0
BRDA:47,4,0,0
BRDA:48,5,0,0
BRDA:48,5,1,0
BRDA:59,6,0,0
BRDA:60,7,0,0
BRDA:74,8,0,0
BRDA:75,9,0,1
BRDA:85,10,0,0
BRDA:87,11,0,2
BRDA:87,11,1,1
BRDA:87,12,0,0
BRDA:87,12,1,1
BRDA:87,13,0,1
BRDA:87,13,1,1
BRDA:88,14,0,1
BRDA:88,15,0,2
BRDA:88,15,1,2
BRDA:88,15,2,2
BRDA:98,16,0,1
BRDA:98,16,1,0
BRDA:101,17,0,1
BRDA:101,17,1,1
BRDA:101,17,2,0
BRDA:102,18,0,1
BRDA:102,18,1,1
BRDA:102,18,2,0
BRDA:103,19,0,1
BRDA:103,19,1,1
BRDA:103,19,2,0
BRDA:113,20,0,3
BRDA:113,20,1,0
BRDA:113,21,0,3
BRDA:113,21,1,3
BRDA:115,22,0,1
BRDA:115,23,0,3
BRDA:115,23,1,1
BRDA:117,24,0,0
BRDA:118,25,0,0
BRDA:122,26,0,1
BRF:44
BRH:26
end_of_record
TN:
SF:src/modules/deals/services/deals.service.ts
FN:7,ensureSchemaName
FN:15,(anonymous_3)
FN:17,(anonymous_4)
FN:21,(anonymous_5)
FN:33,(anonymous_6)
FN:65,(anonymous_7)
FN:79,(anonymous_8)
FN:96,(anonymous_9)
FNF:8
FNH:8
FNDA:9,ensureSchemaName
FNDA:10,(anonymous_3)
FNDA:19,(anonymous_4)
FNDA:9,(anonymous_5)
FNDA:3,(anonymous_6)
FNDA:3,(anonymous_7)
FNDA:1,(anonymous_8)
FNDA:2,(anonymous_9)
DA:1,3
DA:3,3
DA:5,3
DA:8,9
DA:9,9
DA:10,8
DA:14,3
DA:15,10
DA:18,19
DA:22,9
DA:29,9
DA:30,9
DA:34,3
DA:36,2
DA:43,2
DA:44,1
DA:47,2
DA:48,1
DA:51,2
DA:52,1
DA:55,2
DA:56,1
DA:57,1
DA:60,2
DA:61,2
DA:62,1
DA:66,3
DA:67,3
DA:74,3
DA:75,3
DA:76,2
DA:80,1
DA:81,1
DA:86,1
DA:88,1
DA:89,1
DA:90,3
DA:91,3
DA:93,1
DA:97,2
DA:99,2
DA:100,2
DA:102,2
DA:110,2
DA:111,2
DA:113,2
DA:123,2
DA:125,2
DA:134,2
DA:136,2
LF:50
LH:50
BRDA:8,0,0,0
BRDA:8,1,0,9
BRDA:8,1,1,9
BRDA:9,2,0,1
BRDA:29,3,0,0
BRDA:43,4,0,1
BRDA:47,5,0,1
BRDA:51,6,0,1
BRDA:55,7,0,1
BRDA:61,8,0,1
BRDA:62,9,0,1
BRDA:62,9,1,0
BRDA:74,10,0,0
BRDA:75,11,0,1
BRDA:86,12,0,0
BRDA:89,13,0,1
BRDA:89,13,1,0
BRDA:90,14,0,3
BRDA:90,14,1,0
BRDA:91,15,0,3
BRDA:91,15,1,2
BRDA:93,16,0,1
BRDA:93,16,1,0
BRDA:100,17,0,2
BRDA:100,17,1,1
BRDA:110,18,0,0
BRDA:111,19,0,1
BRDA:111,19,1,1
BRDA:113,20,0,1
BRDA:113,20,1,1
BRDA:123,21,0,0
BRDA:125,22,0,1
BRDA:125,22,1,1
BRDA:134,23,0,0
BRDA:139,24,0,2
BRDA:139,24,1,1
BRDA:140,25,0,2
BRDA:140,25,1,0
BRDA:141,26,0,2
BRDA:141,26,1,0
BRF:40
BRH:27
end_of_record
TN:
SF:src/modules/followups/services/followups.service.ts
FN:10,(anonymous_2)
FN:12,(anonymous_3)
FN:16,(anonymous_4)
FN:28,(anonymous_5)
FN:47,(anonymous_6)
FN:68,(anonymous_7)
FNF:6
FNH:6
FNDA:7,(anonymous_2)
FNDA:5,(anonymous_3)
FNDA:2,(anonymous_4)
FNDA:1,(anonymous_5)
FNDA:1,(anonymous_6)
FNDA:1,(anonymous_7)
DA:1,3
DA:3,3
DA:5,3
DA:9,3
DA:10,7
DA:13,5
DA:17,2
DA:24,2
DA:25,1
DA:29,1
DA:43,1
DA:44,1
DA:48,1
DA:63,1
DA:64,1
DA:65,0
DA:69,1
DA:76,1
LF:18
LH:17
BRDA:24,0,0,1
BRDA:25,1,0,1
BRDA:25,1,1,0
BRDA:36,2,0,1
BRDA:36,2,1,1
BRDA:38,3,0,1
BRDA:38,3,1,1
BRDA:39,4,0,1
BRDA:39,4,1,1
BRDA:43,5,0,0
BRDA:53,6,0,1
BRDA:53,6,1,1
BRDA:55,7,0,1
BRDA:55,7,1,1
BRDA:56,8,0,1
BRDA:56,8,1,1
BRDA:63,9,0,0
BRDA:64,10,0,1
BRDA:76,11,0,1
BRF:19
BRH:16
end_of_record
TN:
SF:src/modules/knowledge-base/services/document-processor.service.ts
FN:18,chunkWords
FN:33,formatVector
FN:34,(anonymous_13)
FN:38,extractText
FN:46,(anonymous_15)
FN:52,(anonymous_16)
FN:69,(anonymous_17)
FN:71,(anonymous_18)
FN:75,(anonymous_19)
FN:80,(anonymous_20)
FN:80,(anonymous_21)
FN:83,(anonymous_22)
FN:87,(anonymous_23)
FN:91,(anonymous_24)
FN:104,(anonymous_25)
FN:111,(anonymous_26)
FN:134,(anonymous_27)
FN:161,(anonymous_28)
FN:175,(anonymous_29)
FN:184,(anonymous_30)
FN:209,(anonymous_31)
FN:214,(anonymous_32)
FN:214,(anonymous_33)
FN:221,(anonymous_34)
FNF:24
FNH:17
FNDA:2,chunkWords
FNDA:1,formatVector
FNDA:3,(anonymous_13)
FNDA:2,extractText
FNDA:0,(anonymous_15)
FNDA:0,(anonymous_16)
FNDA:6,(anonymous_17)
FNDA:8,(anonymous_18)
FNDA:3,(anonymous_19)
FNDA:0,(anonymous_20)
FNDA:0,(anonymous_21)
FNDA:3,(anonymous_22)
FNDA:2,(anonymous_23)
FNDA:0,(anonymous_24)
FNDA:0,(anonymous_25)
FNDA:2,(anonymous_26)
FNDA:1,(anonymous_27)
FNDA:2,(anonymous_28)
FNDA:2,(anonymous_29)
FNDA:2,(anonymous_30)
FNDA:0,(anonymous_31)
FNDA:1,(anonymous_32)
FNDA:1,(anonymous_33)
FNDA:1,(anonymous_34)
DA:1,4
DA:2,4
DA:4,4
DA:6,4
DA:19,2
DA:20,2
DA:22,1
DA:23,1
DA:24,1
DA:25,1
DA:26,1
DA:27,1
DA:28,0
DA:30,1
DA:34,3
DA:35,1
DA:39,2
DA:41,2
DA:42,1
DA:45,1
DA:46,0
DA:47,0
DA:48,0
DA:51,1
DA:52,0
DA:55,0
DA:56,0
DA:59,1
DA:63,4
DA:64,6
DA:66,6
DA:67,6
DA:69,6
DA:72,8
DA:76,3
DA:77,3
DA:79,0
DA:80,0
DA:84,3
DA:88,2
DA:92,0
DA:93,0
DA:94,0
DA:95,0
DA:102,0
DA:103,0
DA:104,0
DA:107,0
DA:112,2
DA:113,2
DA:115,2
DA:116,2
DA:117,2
DA:118,2
DA:119,2
DA:121,2
DA:122,1
DA:123,1
DA:126,1
DA:127,1
DA:128,0
DA:129,0
DA:132,1
DA:134,1
DA:143,1
DA:144,1
DA:145,1
DA:146,1
DA:149,1
DA:154,1
DA:156,0
DA:157,0
DA:162,2
DA:171,2
DA:172,2
DA:176,2
DA:177,2
DA:180,2
DA:181,2
DA:185,2
DA:186,2
DA:187,1
DA:190,1
DA:191,1
DA:193,1
DA:194,1
DA:196,1
DA:197,1
DA:199,1
DA:208,1
DA:209,0
DA:210,0
DA:213,1
DA:214,1
DA:215,1
DA:218,1
DA:222,1
LF:97
LH:74
BRDA:18,0,0,0
BRDA:18,1,0,0
BRDA:20,2,0,1
BRDA:27,3,0,1
BRDA:34,4,0,3
BRDA:34,4,1,0
BRDA:41,5,0,1
BRDA:45,6,0,0
BRDA:48,7,0,0
BRDA:48,7,1,0
BRDA:51,8,0,0
BRDA:56,9,0,0
BRDA:56,9,1,0
BRDA:76,10,0,3
BRDA:76,10,1,3
BRDA:77,11,0,3
BRDA:77,12,0,3
BRDA:77,12,1,3
BRDA:79,13,0,0
BRDA:79,13,1,0
BRDA:84,14,0,0
BRDA:92,15,0,0
BRDA:102,16,0,0
BRDA:103,17,0,0
BRDA:103,17,1,0
BRDA:113,18,0,0
BRDA:119,19,0,2
BRDA:119,19,1,1
BRDA:119,20,0,2
BRDA:119,20,1,1
BRDA:121,21,0,1
BRDA:122,22,0,1
BRDA:122,22,1,0
BRDA:127,23,0,0
BRDA:128,24,0,0
BRDA:128,24,1,0
BRDA:139,25,0,1
BRDA:139,25,1,0
BRDA:146,26,0,0
BRDA:152,27,0,1
BRDA:152,27,1,0
BRDA:154,28,0,0
BRDA:157,29,0,0
BRDA:157,29,1,0
BRDA:157,30,0,0
BRDA:157,30,1,0
BRDA:171,31,0,0
BRDA:171,32,0,2
BRDA:171,32,1,2
BRDA:177,33,0,0
BRDA:177,34,0,2
BRDA:177,34,1,2
BRDA:186,35,0,1
BRDA:190,36,0,1
BRDA:190,36,1,0
BRDA:191,37,0,1
BRDA:191,37,1,0
BRDA:194,38,0,1
BRDA:194,38,1,1
BRDA:208,39,0,0
BRDA:214,40,0,1
BRDA:214,40,1,0
BRDA:225,41,0,1
BRDA:225,41,1,0
BRF:64
BRH:28
end_of_record
TN:
SF:src/modules/knowledge-base/services/kb.service.ts
FN:17,safeFileName
FN:22,inferFileType
FN:38,(anonymous_4)
FN:44,(anonymous_5)
FN:48,(anonymous_6)
FN:59,(anonymous_7)
FN:99,(anonymous_8)
FN:111,(anonymous_9)
FN:129,(anonymous_10)
FN:140,(anonymous_11)
FNF:10
FNH:7
FNDA:2,safeFileName
FNDA:3,inferFileType
FNDA:9,(anonymous_4)
FNDA:11,(anonymous_5)
FNDA:0,(anonymous_6)
FNDA:3,(anonymous_7)
FNDA:0,(anonymous_8)
FNDA:2,(anonymous_9)
FNDA:0,(anonymous_10)
FNDA:1,(anonymous_11)
DA:1,3
DA:2,3
DA:3,3
DA:5,3
DA:7,3
DA:8,3
DA:18,2
DA:19,2
DA:23,3
DA:24,3
DA:25,3
DA:29,0
DA:30,3
DA:31,1
DA:35,3
DA:36,9
DA:39,9
DA:40,9
DA:41,9
DA:45,11
DA:49,0
DA:55,0
DA:56,0
DA:60,3
DA:61,0
DA:64,3
DA:65,2
DA:66,2
DA:67,2
DA:69,2
DA:74,2
DA:76,2
DA:82,2
DA:98,2
DA:99,1
DA:100,1
DA:103,1
DA:104,1
DA:105,0
DA:108,1
DA:112,2
DA:119,2
DA:120,2
DA:122,1
DA:129,1
DA:131,1
DA:137,1
DA:141,1
DA:150,1
DA:151,1
LF:50
LH:44
BRDA:19,0,0,2
BRDA:19,0,1,0
BRDA:24,1,0,0
BRDA:24,2,0,3
BRDA:24,2,1,3
BRDA:25,3,0,0
BRDA:26,4,0,3
BRDA:26,4,1,3
BRDA:30,5,0,2
BRDA:30,6,0,3
BRDA:30,6,1,1
BRDA:55,7,0,0
BRDA:56,8,0,0
BRDA:56,8,1,0
BRDA:60,9,0,0
BRDA:70,10,0,2
BRDA:70,10,1,0
BRDA:74,11,0,0
BRDA:88,12,0,2
BRDA:88,12,1,2
BRDA:92,13,0,2
BRDA:92,13,1,0
BRDA:98,14,0,1
BRDA:103,15,0,1
BRDA:103,15,1,1
BRDA:104,16,0,0
BRDA:104,17,0,1
BRDA:104,17,1,1
BRDA:119,18,0,0
BRDA:120,19,0,1
BRDA:137,20,0,0
BRDA:140,21,0,0
BRDA:140,22,0,0
BRDA:150,23,0,0
BRDA:151,24,0,1
BRDA:151,24,1,0
BRF:36
BRH:19
end_of_record
TN:
SF:src/modules/leads/services/leads.service.ts
FN:11,(anonymous_2)
FN:13,(anonymous_3)
FN:17,(anonymous_4)
FN:67,(anonymous_5)
FNF:4
FNH:4
FNDA:8,(anonymous_2)
FNDA:6,(anonymous_3)
FNDA:4,(anonymous_4)
FNDA:2,(anonymous_5)
DA:1,3
DA:3,3
DA:5,3
DA:10,3
DA:11,8
DA:14,6
DA:18,4
DA:19,4
DA:20,4
DA:22,4
DA:29,4
DA:30,1
DA:33,4
DA:34,1
DA:37,4
DA:38,1
DA:41,4
DA:42,2
DA:43,1
DA:44,1
DA:45,0
DA:46,1
DA:47,1
DA:51,4
DA:52,1
DA:53,1
DA:56,4
DA:57,4
DA:59,3
DA:68,2
DA:75,2
DA:76,2
DA:77,1
LF:33
LH:32
BRDA:18,0,0,4
BRDA:18,0,1,0
BRDA:19,1,0,4
BRDA:19,1,1,0
BRDA:29,2,0,1
BRDA:33,3,0,1
BRDA:37,4,0,1
BRDA:41,5,0,2
BRDA:42,6,0,1
BRDA:42,6,1,1
BRDA:44,7,0,0
BRDA:44,7,1,1
BRDA:46,8,0,1
BRDA:51,9,0,1
BRDA:57,10,0,1
BRDA:62,11,0,3
BRDA:62,11,1,1
BRDA:63,12,0,3
BRDA:63,12,1,0
BRDA:75,13,0,0
BRDA:76,14,0,1
BRF:21
BRH:16
end_of_record
TN:
SF:src/modules/leads/services/timeline.service.ts
FN:10,(anonymous_2)
FN:12,(anonymous_3)
FN:16,(anonymous_4)
FNF:3
FNH:3
FNDA:6,(anonymous_2)
FNDA:3,(anonymous_3)
FNDA:3,(anonymous_4)
DA:1,3
DA:3,3
DA:5,3
DA:9,3
DA:10,6
DA:13,3
DA:17,3
DA:18,3
DA:20,3
DA:30,3
DA:32,2
LF:11
LH:11
BRDA:17,0,0,3
BRDA:17,0,1,0
BRDA:18,1,0,3
BRDA:18,1,1,0
BRDA:30,2,0,1
BRDA:35,3,0,2
BRDA:35,3,1,1
BRDA:35,4,0,1
BRDA:35,4,1,0
BRDA:38,5,0,2
BRDA:38,5,1,0
BRF:11
BRH:7
end_of_record
TN:
SF:src/modules/marketing/services/pixels.service.ts
FN:22,normalizePixelId
FN:28,getEncryptionKey
FN:36,encryptSecret
FN:45,decryptSecret
FN:59,sha256
FN:63,hashEmail
FN:67,hashPhone
FN:74,(anonymous_9)
FN:76,(anonymous_10)
FN:80,(anonymous_11)
FN:88,(anonymous_12)
FN:91,(anonymous_13)
FN:112,(anonymous_14)
FN:133,(anonymous_15)
FN:138,(anonymous_16)
FN:167,(anonymous_17)
FN:205,(anonymous_18)
FN:213,(anonymous_19)
FN:221,(anonymous_20)
FNF:19
FNH:17
FNDA:6,normalizePixelId
FNDA:5,getEncryptionKey
FNDA:4,encryptSecret
FNDA:3,decryptSecret
FNDA:4,sha256
FNDA:2,hashEmail
FNDA:2,hashPhone
FNDA:14,(anonymous_9)
FNDA:11,(anonymous_10)
FNDA:1,(anonymous_11)
FNDA:1,(anonymous_12)
FNDA:4,(anonymous_13)
FNDA:2,(anonymous_14)
FNDA:1,(anonymous_15)
FNDA:1,(anonymous_16)
FNDA:3,(anonymous_17)
FNDA:0,(anonymous_18)
FNDA:0,(anonymous_19)
FNDA:4,(anonymous_20)
DA:1,3
DA:2,3
DA:4,3
DA:6,3
DA:23,6
DA:24,6
DA:25,5
DA:29,5
DA:30,5
DA:31,1
DA:33,4
DA:37,4
DA:38,3
DA:39,3
DA:40,3
DA:41,3
DA:42,3
DA:46,3
DA:47,1
DA:48,1
DA:49,1
DA:50,1
DA:51,1
DA:52,1
DA:53,1
DA:54,1
DA:55,1
DA:56,1
DA:60,4
DA:64,2
DA:68,2
DA:69,2
DA:73,3
DA:74,14
DA:77,11
DA:81,1
DA:87,1
DA:88,1
DA:92,4
DA:93,3
DA:95,2
DA:108,2
DA:109,2
DA:113,2
DA:114,2
DA:115,2
DA:116,2
DA:117,2
DA:118,2
DA:120,2
DA:128,2
DA:129,2
DA:130,1
DA:134,1
DA:135,1
DA:139,1
DA:146,1
DA:147,1
DA:149,1
DA:158,1
DA:159,1
DA:160,1
DA:162,1
DA:163,1
DA:164,1
DA:168,3
DA:175,3
DA:176,3
DA:178,3
DA:179,3
DA:180,3
DA:182,2
DA:183,2
DA:184,2
DA:186,2
DA:187,2
DA:204,2
DA:205,2
DA:206,2
DA:207,2
DA:213,2
DA:214,2
DA:215,2
DA:217,2
DA:222,4
LF:85
LH:85
BRDA:24,0,0,1
BRDA:29,1,0,5
BRDA:29,1,1,1
BRDA:30,2,0,1
BRDA:46,3,0,2
BRDA:48,4,0,0
BRDA:48,5,0,1
BRDA:48,5,1,1
BRDA:48,5,2,1
BRDA:87,6,0,0
BRDA:88,7,0,1
BRDA:88,7,1,0
BRDA:102,8,0,2
BRDA:102,8,1,1
BRDA:103,9,0,2
BRDA:103,9,1,2
BRDA:104,10,0,2
BRDA:104,10,1,2
BRDA:108,11,0,0
BRDA:114,12,0,0
BRDA:115,13,0,1
BRDA:115,14,0,1
BRDA:115,14,1,0
BRDA:116,15,0,0
BRDA:116,16,0,0
BRDA:116,16,1,0
BRDA:117,17,0,1
BRDA:118,18,0,1
BRDA:128,19,0,0
BRDA:129,20,0,1
BRDA:135,21,0,1
BRDA:146,22,0,0
BRDA:147,23,0,0
BRDA:158,24,0,1
BRDA:159,25,0,1
BRDA:160,26,0,1
BRDA:163,27,0,0
BRDA:164,28,0,1
BRDA:164,28,1,0
BRDA:175,29,0,0
BRDA:176,30,0,0
BRDA:178,31,0,3
BRDA:178,31,1,0
BRDA:180,32,0,1
BRDA:183,33,0,2
BRDA:183,33,1,0
BRDA:193,34,0,2
BRDA:193,34,1,1
BRDA:214,35,0,0
BRF:49
BRH:30
end_of_record
TN:
SF:src/modules/mcp/services/mcp.service.ts
FN:10,(anonymous_2)
FN:12,(anonymous_3)
FN:16,(anonymous_4)
FN:29,(anonymous_5)
FN:49,(anonymous_6)
FNF:5
FNH:5
FNDA:6,(anonymous_2)
FNDA:4,(anonymous_3)
FNDA:2,(anonymous_4)
FNDA:1,(anonymous_5)
FNDA:1,(anonymous_6)
DA:1,3
DA:3,3
DA:5,3
DA:9,3
DA:10,6
DA:13,4
DA:17,2
DA:25,2
DA:26,1
DA:30,1
DA:45,1
DA:46,1
DA:50,1
DA:58,1
LF:14
LH:14
BRDA:25,0,0,1
BRDA:26,1,0,1
BRDA:26,1,1,0
BRDA:38,2,0,1
BRDA:38,2,1,1
BRDA:39,3,0,1
BRDA:39,3,1,1
BRDA:40,4,0,1
BRDA:40,4,1,1
BRDA:45,5,0,0
BRDA:58,6,0,1
BRF:11
BRH:9
end_of_record
TN:
SF:src/modules/metrics/services/metrics.service.ts
FN:21,parseRange
FN:37,asDay
FN:43,(anonymous_4)
FN:48,(anonymous_5)
FN:52,(anonymous_6)
FN:57,(anonymous_7)
FN:101,(anonymous_8)
FN:125,(anonymous_9)
FN:133,(anonymous_10)
FN:144,(anonymous_11)
FN:151,(anonymous_12)
FN:164,(anonymous_13)
FN:198,(anonymous_14)
FN:210,(anonymous_15)
FN:224,(anonymous_16)
FN:239,(anonymous_17)
FNF:16
FNH:16
FNDA:6,parseRange
FNDA:4,asDay
FNDA:9,(anonymous_4)
FNDA:6,(anonymous_5)
FNDA:5,(anonymous_6)
FNDA:3,(anonymous_7)
FNDA:1,(anonymous_8)
FNDA:1,(anonymous_9)
FNDA:1,(anonymous_10)
FNDA:2,(anonymous_11)
FNDA:1,(anonymous_12)
FNDA:1,(anonymous_13)
FNDA:2,(anonymous_14)
FNDA:4,(anonymous_15)
FNDA:1,(anonymous_16)
FNDA:1,(anonymous_17)
DA:1,3
DA:3,3
DA:5,3
DA:6,3
DA:22,6
DA:23,6
DA:24,6
DA:25,6
DA:27,6
DA:28,1
DA:30,5
DA:31,0
DA:34,5
DA:38,4
DA:42,3
DA:44,9
DA:45,9
DA:49,6
DA:53,5
DA:54,5
DA:58,3
DA:59,2
DA:60,2
DA:61,2
DA:63,1
DA:65,1
DA:66,1
DA:67,1
DA:68,1
DA:70,1
DA:71,2
DA:72,2
DA:73,2
DA:75,2
DA:76,1
DA:77,1
DA:78,1
DA:79,1
DA:80,1
DA:85,1
DA:86,1
DA:97,1
DA:98,1
DA:102,1
DA:103,1
DA:104,1
DA:105,1
DA:107,1
DA:108,1
DA:109,1
DA:110,2
DA:111,2
DA:114,1
DA:121,1
DA:122,1
DA:126,1
DA:127,1
DA:128,1
DA:129,1
DA:131,1
DA:132,1
DA:133,1
DA:135,1
DA:136,1
DA:137,2
DA:138,2
DA:139,2
DA:140,2
DA:143,1
DA:144,2
DA:151,1
DA:153,1
DA:160,1
DA:161,1
DA:165,1
DA:166,1
DA:167,1
DA:168,1
DA:170,1
DA:171,1
DA:173,1
DA:174,1
DA:175,2
DA:176,2
DA:177,2
DA:179,2
DA:180,1
DA:181,1
DA:182,1
DA:186,1
DA:187,1
DA:188,1
DA:189,1
DA:190,1
DA:193,1
DA:194,1
DA:198,2
DA:206,1
DA:207,1
DA:211,4
DA:220,4
DA:221,4
DA:225,1
DA:235,1
DA:236,1
DA:240,1
DA:246,1
DA:247,1
LF:108
LH:107
BRDA:24,0,0,2
BRDA:24,0,1,4
BRDA:25,1,0,1
BRDA:25,1,1,5
BRDA:27,2,0,1
BRDA:27,3,0,6
BRDA:27,3,1,5
BRDA:30,4,0,0
BRDA:61,5,0,1
BRDA:71,6,0,2
BRDA:71,6,1,0
BRDA:72,7,0,2
BRDA:72,7,1,2
BRDA:73,8,0,1
BRDA:75,9,0,1
BRDA:78,10,0,1
BRDA:78,11,0,1
BRDA:78,11,1,1
BRDA:78,11,2,1
BRDA:93,12,0,1
BRDA:93,12,1,0
BRDA:94,13,0,1
BRDA:94,13,1,0
BRDA:105,14,0,0
BRDA:110,15,0,2
BRDA:110,15,1,0
BRDA:111,16,0,2
BRDA:111,16,1,2
BRDA:129,17,0,0
BRDA:137,18,0,2
BRDA:137,18,1,1
BRDA:140,19,0,1
BRDA:146,20,0,1
BRDA:146,20,1,1
BRDA:146,21,0,1
BRDA:146,21,1,0
BRDA:149,22,0,2
BRDA:149,22,1,0
BRDA:168,23,0,0
BRDA:179,24,0,1
BRDA:187,25,0,0
BRDA:220,26,0,0
BRDA:221,27,0,4
BRDA:221,27,1,0
BRDA:235,28,0,0
BRDA:236,29,0,1
BRDA:236,29,1,0
BRDA:246,30,0,0
BRDA:247,31,0,1
BRDA:247,31,1,0
BRF:50
BRH:33
end_of_record
TN:
SF:src/modules/tools/services/tools.service.ts
FN:11,assertValidSchema
FN:21,(anonymous_4)
FN:23,(anonymous_5)
FN:27,(anonymous_6)
FN:39,(anonymous_7)
FN:68,(anonymous_8)
FN:100,(anonymous_9)
FNF:7
FNH:7
FNDA:3,assertValidSchema
FNDA:9,(anonymous_4)
FNDA:5,(anonymous_5)
FNDA:1,(anonymous_6)
FNDA:2,(anonymous_7)
FNDA:2,(anonymous_8)
FNDA:1,(anonymous_9)
DA:1,3
DA:2,3
DA:4,3
DA:6,3
DA:9,3
DA:12,3
DA:13,3
DA:15,1
DA:20,3
DA:21,9
DA:24,5
DA:28,1
DA:35,1
DA:36,1
DA:40,2
DA:41,1
DA:43,1
DA:64,1
DA:65,1
DA:69,2
DA:70,2
DA:72,2
DA:95,2
DA:96,2
DA:97,1
DA:101,1
DA:108,1
LF:27
LH:27
BRDA:35,0,0,0
BRDA:36,1,0,1
BRDA:36,1,1,0
BRDA:41,2,0,0
BRDA:50,3,0,1
BRDA:50,3,1,1
BRDA:52,4,0,1
BRDA:52,4,1,1
BRDA:53,5,0,1
BRDA:53,5,1,1
BRDA:54,6,0,1
BRDA:54,6,1,1
BRDA:55,7,0,1
BRDA:55,7,1,1
BRDA:57,8,0,1
BRDA:57,8,1,1
BRDA:58,9,0,1
BRDA:58,9,1,1
BRDA:59,10,0,1
BRDA:59,10,1,1
BRDA:60,11,0,1
BRDA:60,11,1,1
BRDA:64,12,0,0
BRDA:69,13,0,0
BRDA:70,14,0,1
BRDA:77,15,0,2
BRDA:77,15,1,0
BRDA:77,16,0,0
BRDA:77,16,1,0
BRDA:81,17,0,2
BRDA:81,17,1,0
BRDA:81,18,0,0
BRDA:81,18,1,0
BRDA:84,19,0,1
BRDA:84,19,1,1
BRDA:84,20,0,1
BRDA:84,20,1,0
BRDA:95,21,0,0
BRDA:96,22,0,1
BRDA:108,23,0,1
BRF:40
BRH:27
end_of_record
